2023.09.14 21:43:30 INFO  Started: Metals version 1.0.1 in folders 'C:\Users\viniv\OneDrive\햞ea de Trabalho\estudos\aula\EXCSS\html-css\responsivo' for client Visual Studio Code 1.82.2.
set 14, 2023 9:43:30 PM org.flywaydb.core.internal.license.VersionPrinter printVersionOnly
INFORMA합ES: Flyway Community Edition 9.21.2 by Redgate
set 14, 2023 9:43:30 PM org.flywaydb.core.internal.license.VersionPrinter printVersion
INFORMA합ES: See release notes here: https://rd.gt/416ObMi
set 14, 2023 9:43:30 PM org.flywaydb.core.internal.license.VersionPrinter printVersion
INFORMA합ES: 
set 14, 2023 9:43:31 PM org.flywaydb.core.FlywayExecutor execute
INFORMA합ES: Database: jdbc:h2:file:C:\Users\viniv\OneDrive\햞ea de Trabalho\estudos\aula\EXCSS\html-css\responsivo\.metals\metals (H2 2.1)
set 14, 2023 9:43:31 PM org.flywaydb.core.internal.schemahistory.JdbcTableSchemaHistory allAppliedMigrations
INFORMA합ES: Schema history table "PUBLIC"."flyway_schema_history" does not exist yet
set 14, 2023 9:43:31 PM org.flywaydb.core.internal.command.DbValidate validate
INFORMA합ES: Successfully validated 4 migrations (execution time 00:00.015s)
set 14, 2023 9:43:31 PM org.flywaydb.core.internal.schemahistory.JdbcTableSchemaHistory create
INFORMA합ES: Creating Schema History table "PUBLIC"."flyway_schema_history" ...
set 14, 2023 9:43:31 PM org.flywaydb.core.internal.command.DbMigrate migrateGroup
INFORMA합ES: Current version of schema "PUBLIC": << Empty Schema >>
set 14, 2023 9:43:31 PM org.flywaydb.core.internal.command.DbMigrate doMigrateGroup
INFORMA합ES: Migrating schema "PUBLIC" to version "1 - Create tables"
set 14, 2023 9:43:31 PM org.flywaydb.core.internal.command.DbMigrate doMigrateGroup
INFORMA합ES: Migrating schema "PUBLIC" to version "2 - Server discovery"
set 14, 2023 9:43:31 PM org.flywaydb.core.internal.command.DbMigrate doMigrateGroup
INFORMA합ES: Migrating schema "PUBLIC" to version "3 - Jar symbols"
set 14, 2023 9:43:31 PM org.flywaydb.core.internal.command.DbMigrate doMigrateGroup
INFORMA합ES: Migrating schema "PUBLIC" to version "4 - Fingerprints"
set 14, 2023 9:43:31 PM org.flywaydb.core.internal.command.DbMigrate logSummary
INFORMA합ES: Successfully applied 4 migrations to schema "PUBLIC", now at version v4 (execution time 00:00.014s)
2023.09.14 21:43:31 INFO  time: initialize in 0.77s
2023.09.14 21:43:31 WARN  Build server is not auto-connectable.
2023.09.14 21:43:31 WARN  no build tool detected in workspace 'C:\Users\viniv\OneDrive\햞ea de Trabalho\estudos\aula\EXCSS\html-css\responsivo'. The most common cause for this problem is that the editor was opened in the wrong working directory, for example if you use sbt then the workspace directory should contain build.sbt. 
2023.09.14 21:54:26 INFO  Shutting down server
2023.09.14 21:54:26 INFO  shutting down Metals
2023.09.14 21:54:26 INFO  Exiting server
